
*---------------------------------------------------------------------------------
                                CHANGE HISTORY
*---------------------------------------------------------------------------------
Tuesday, July 25, 2023, 6:42 PM (GMT+1) @MohamedGueni
*---------------------------------------------------------------------------------
Created PFC bloc diagram.
Created Project Road Map.
*---------------------------------------------------------------------------------
Wednesday, July 26, 2023, 7:25 PM (GMT+1) @MohamedGueni
*---------------------------------------------------------------------------------
PFC tech research. 
*---------------------------------------------------------------------------------
Thursday, July 27, 2023, 3:42 PM (GMT+1) @MohamedGueni
*---------------------------------------------------------------------------------
PFC tech research. 
*---------------------------------------------------------------------------------
Friday, July 28, 2023, 5:30 PM (GMT+1) @MohamedGueni
*---------------------------------------------------------------------------------
PFC tech research. 
*---------------------------------------------------------------------------------
Saturday, July 29, 2023, 6:39 PM (GMT+1) @MohamedGueni
*---------------------------------------------------------------------------------
PFC tech research. 
*---------------------------------------------------------------------------------